{"synthetic": false,
 "schemaVersion": "2025-09-10",
 "outputs":
 {"o": ["cc821ea546b791f7.olean"],
  "i": "03e5097d2a232b5a.ilean",
  "c": "43307014bc2ed11f.c"},
 "log":
 [{"message":
   ".> LEAN_PATH=/Users/amyfeng/Documents/coursework/thesis/.lake/build/lib/lean /Users/amyfeng/.elan/toolchains/leanprover--lean4---v4.27.0/bin/lean /Users/amyfeng/Documents/coursework/thesis/OpenDPTranslation/Axioms.lean -o /Users/amyfeng/Documents/coursework/thesis/.lake/build/lib/lean/OpenDPTranslation/Axioms.olean -i /Users/amyfeng/Documents/coursework/thesis/.lake/build/lib/lean/OpenDPTranslation/Axioms.ilean -c /Users/amyfeng/Documents/coursework/thesis/.lake/build/ir/OpenDPTranslation/Axioms.c --setup /Users/amyfeng/Documents/coursework/thesis/.lake/build/ir/OpenDPTranslation/Axioms.setup.json --json",
   "level": "trace"}],
 "inputs":
 [["OpenDPTranslation.Axioms:deps",
   [["deps",
     [["OpenDPTranslation/OpenDPTranslation:extraDep",
       [["@OpenDPTranslation:extraDep", "00000000000006bb"]]],
      ["imports",
       [["OpenDPTranslation.TypeClasses transitive imports (legacy)",
         "00000000000006bb"],
        ["OpenDPTranslation.TypeClasses:importAllArts", "7ecf7f2eb5e70dcd"],
        ["OpenDPTranslation.Domains transitive imports (legacy)",
         "00000000000006bb"],
        ["OpenDPTranslation.Domains:importAllArts", "bb387a0c7f2d94a4"],
        ["OpenDPTranslation.Transformations transitive imports (legacy)",
         "706734157edae56e"],
        ["OpenDPTranslation.Transformations:importAllArts",
         "e23c936cff113296"]]]]],
    ["libs",
     [["import dynlibs", "00000000000006bb"],
      ["package external libraries", "00000000000006bb"],
      ["module dynlibs", "00000000000006bb"],
      ["module plugins", "00000000000006bb"]]]]],
  ["Lean 4.27.0, commit db93fe1608548721853390a10cd40580fe7d22ae",
   "9a2be90fd35343e5"],
  ["/Users/amyfeng/Documents/coursework/thesis/OpenDPTranslation/Axioms.lean",
   "758720296c9ae2ca"],
  ["options", "00000000000006bb"],
  ["Module.leanArgs: #[]", "00000000000006bb"]],
 "depHash": "de927b64633b0cc7"}