{"synthetic": false,
 "schemaVersion": "2025-09-10",
 "outputs":
 {"o": ["de19377a73e937e7.olean"],
  "i": "943cd87b32e0a69a.ilean",
  "c": "38f4954b8a1e10e0.c"},
 "log":
 [{"message":
   ".> LEAN_PATH=/Users/amyfeng/Documents/coursework/thesis/.lake/packages/Cli/.lake/build/lib/lean:/Users/amyfeng/Documents/coursework/thesis/.lake/packages/batteries/.lake/build/lib/lean:/Users/amyfeng/Documents/coursework/thesis/.lake/packages/Qq/.lake/build/lib/lean:/Users/amyfeng/Documents/coursework/thesis/.lake/packages/aesop/.lake/build/lib/lean:/Users/amyfeng/Documents/coursework/thesis/.lake/packages/proofwidgets/.lake/build/lib/lean:/Users/amyfeng/Documents/coursework/thesis/.lake/packages/importGraph/.lake/build/lib/lean:/Users/amyfeng/Documents/coursework/thesis/.lake/packages/LeanSearchClient/.lake/build/lib/lean:/Users/amyfeng/Documents/coursework/thesis/.lake/packages/plausible/.lake/build/lib/lean:/Users/amyfeng/Documents/coursework/thesis/.lake/packages/mathlib/.lake/build/lib/lean:/Users/amyfeng/Documents/coursework/thesis/.lake/build/lib/lean /Users/amyfeng/.elan/toolchains/leanprover--lean4---v4.29.0-rc1/bin/lean /Users/amyfeng/Documents/coursework/thesis/OpenDPTranslation/MakeRowByRow.lean -o /Users/amyfeng/Documents/coursework/thesis/.lake/build/lib/lean/OpenDPTranslation/MakeRowByRow.olean -i /Users/amyfeng/Documents/coursework/thesis/.lake/build/lib/lean/OpenDPTranslation/MakeRowByRow.ilean -c /Users/amyfeng/Documents/coursework/thesis/.lake/build/ir/OpenDPTranslation/MakeRowByRow.c --setup /Users/amyfeng/Documents/coursework/thesis/.lake/build/ir/OpenDPTranslation/MakeRowByRow.setup.json --json",
   "level": "trace"}],
 "inputs":
 [["OpenDPTranslation.MakeRowByRow:deps",
   [["deps",
     [["OpenDPTranslation/OpenDPTranslation:extraDep",
       [["@OpenDPTranslation:extraDep", "00000000000006bb"]]],
      ["imports",
       [["OpenDPTranslation.OpenDPCore transitive imports (legacy)",
         "ade5af2d77a2f8c7"],
        ["OpenDPTranslation.OpenDPCore:importAllArts", "64652e34205daab4"],
        ["OpenDPTranslation.MakeRowByRowFallible transitive imports (legacy)",
         "ed6a16155d598025"],
        ["OpenDPTranslation.MakeRowByRowFallible:importAllArts",
         "7002be92d47da071"]]]]],
    ["libs",
     [["import dynlibs", "00000000000006bb"],
      ["package external libraries", "00000000000006bb"],
      ["module dynlibs", "00000000000006bb"],
      ["module plugins", "00000000000006bb"]]]]],
  ["Lean 4.29.0, commit 985f350dcd18fc7814dfa677cac09933f44f3215",
   "25953b0996e8f9b7"],
  ["/Users/amyfeng/Documents/coursework/thesis/OpenDPTranslation/MakeRowByRow.lean",
   "1fa3f194f01a07c2"],
  ["options", "00000000000006bb"],
  ["isModule: false", "feefd2a0d3a1847e"],
  ["Module.name: OpenDPTranslation.MakeRowByRow", "64fc76808ebb45d1"],
  ["Package.id?: (some OpenDPTranslation)", "0b6d932dbc601f93"],
  ["Module.leanArgs: #[]", "00000000000006bb"]],
 "depHash": "cd4a822dc46a54de"}