{"synthetic": false,
 "schemaVersion": "2025-09-10",
 "outputs":
 {"o": ["8e784cad3ef09df0.olean"],
  "i": "d658ebd4bbc5b003.ilean",
  "c": "a2bd1de89c86e494.c"},
 "log":
 [{"message":
   ".> LEAN_PATH=/Users/amyfeng/Documents/coursework/thesis/.lake/packages/Cli/.lake/build/lib/lean:/Users/amyfeng/Documents/coursework/thesis/.lake/packages/batteries/.lake/build/lib/lean:/Users/amyfeng/Documents/coursework/thesis/.lake/packages/Qq/.lake/build/lib/lean:/Users/amyfeng/Documents/coursework/thesis/.lake/packages/aesop/.lake/build/lib/lean:/Users/amyfeng/Documents/coursework/thesis/.lake/packages/proofwidgets/.lake/build/lib/lean:/Users/amyfeng/Documents/coursework/thesis/.lake/packages/importGraph/.lake/build/lib/lean:/Users/amyfeng/Documents/coursework/thesis/.lake/packages/LeanSearchClient/.lake/build/lib/lean:/Users/amyfeng/Documents/coursework/thesis/.lake/packages/plausible/.lake/build/lib/lean:/Users/amyfeng/Documents/coursework/thesis/.lake/packages/mathlib/.lake/build/lib/lean:/Users/amyfeng/Documents/coursework/thesis/.lake/build/lib/lean /Users/amyfeng/.elan/toolchains/leanprover--lean4---v4.29.0-rc1/bin/lean /Users/amyfeng/Documents/coursework/thesis/OpenDPTranslation/MakeCount.lean -o /Users/amyfeng/Documents/coursework/thesis/.lake/build/lib/lean/OpenDPTranslation/MakeCount.olean -i /Users/amyfeng/Documents/coursework/thesis/.lake/build/lib/lean/OpenDPTranslation/MakeCount.ilean -c /Users/amyfeng/Documents/coursework/thesis/.lake/build/ir/OpenDPTranslation/MakeCount.c --setup /Users/amyfeng/Documents/coursework/thesis/.lake/build/ir/OpenDPTranslation/MakeCount.setup.json --json",
   "level": "trace"}],
 "inputs":
 [["OpenDPTranslation.MakeCount:deps",
   [["deps",
     [["OpenDPTranslation/OpenDPTranslation:extraDep",
       [["@OpenDPTranslation:extraDep", "00000000000006bb"]]],
      ["imports",
       [["OpenDPTranslation.OpenDPCore transitive imports (legacy)",
         "ade5af2d77a2f8c7"],
        ["OpenDPTranslation.OpenDPCore:importAllArts", "5acf0109e47fa123"],
        ["OpenDPTranslation.MakeRowByRowFallible transitive imports (legacy)",
         "75fc6cc70477c857"],
        ["OpenDPTranslation.MakeRowByRowFallible:importAllArts",
         "ba08b6f9fdde2143"]]]]],
    ["libs",
     [["import dynlibs", "00000000000006bb"],
      ["package external libraries", "00000000000006bb"],
      ["module dynlibs", "00000000000006bb"],
      ["module plugins", "00000000000006bb"]]]]],
  ["Lean 4.29.0, commit 985f350dcd18fc7814dfa677cac09933f44f3215",
   "25953b0996e8f9b7"],
  ["/Users/amyfeng/Documents/coursework/thesis/OpenDPTranslation/MakeCount.lean",
   "fb4ebc92da092dd9"],
  ["options", "00000000000006bb"],
  ["isModule: false", "feefd2a0d3a1847e"],
  ["Module.name: OpenDPTranslation.MakeCount", "3fff49674465d61d"],
  ["Package.id?: (some OpenDPTranslation)", "0b6d932dbc601f93"],
  ["Module.leanArgs: #[]", "00000000000006bb"]],
 "depHash": "3a0f41f02b88d095"}