{"synthetic": false,
 "schemaVersion": "2025-09-10",
 "outputs":
 {"o": ["747c3d6db036292a.olean"],
  "i": "2d753da13699eba6.ilean",
  "c": "492989a5980873b5.c"},
 "log":
 [{"message":
   ".> LEAN_PATH=/Users/amyfeng/Documents/coursework/thesis/.lake/packages/Cli/.lake/build/lib/lean:/Users/amyfeng/Documents/coursework/thesis/.lake/packages/batteries/.lake/build/lib/lean:/Users/amyfeng/Documents/coursework/thesis/.lake/packages/Qq/.lake/build/lib/lean:/Users/amyfeng/Documents/coursework/thesis/.lake/packages/aesop/.lake/build/lib/lean:/Users/amyfeng/Documents/coursework/thesis/.lake/packages/proofwidgets/.lake/build/lib/lean:/Users/amyfeng/Documents/coursework/thesis/.lake/packages/importGraph/.lake/build/lib/lean:/Users/amyfeng/Documents/coursework/thesis/.lake/packages/LeanSearchClient/.lake/build/lib/lean:/Users/amyfeng/Documents/coursework/thesis/.lake/packages/plausible/.lake/build/lib/lean:/Users/amyfeng/Documents/coursework/thesis/.lake/packages/mathlib/.lake/build/lib/lean:/Users/amyfeng/Documents/coursework/thesis/.lake/build/lib/lean /Users/amyfeng/.elan/toolchains/leanprover--lean4---v4.29.0-rc1/bin/lean /Users/amyfeng/Documents/coursework/thesis/OpenDPTranslation/MakeRowByRowFallible.lean -o /Users/amyfeng/Documents/coursework/thesis/.lake/build/lib/lean/OpenDPTranslation/MakeRowByRowFallible.olean -i /Users/amyfeng/Documents/coursework/thesis/.lake/build/lib/lean/OpenDPTranslation/MakeRowByRowFallible.ilean -c /Users/amyfeng/Documents/coursework/thesis/.lake/build/ir/OpenDPTranslation/MakeRowByRowFallible.c --setup /Users/amyfeng/Documents/coursework/thesis/.lake/build/ir/OpenDPTranslation/MakeRowByRowFallible.setup.json --json",
   "level": "trace"},
  {"message":
   "OpenDPTranslation/MakeRowByRowFallible.lean:221:0: automatically included section variable(s) unused in theorem `make_row_by_row_fallible_is_valid`:\n  [OpenDPMetricSpace DI M]\n  [OpenDPMetricSpace DO M]\nconsider restructuring your `variable` declarations so that the variables are not in scope or explicitly omit them:\n  omit [OpenDPMetricSpace DI M] [OpenDPMetricSpace DO M] in theorem ...\n\nNote: This linter can be disabled with `set_option linter.unusedSectionVars false`",
   "level": "warning"}],
 "inputs":
 [["OpenDPTranslation.MakeRowByRowFallible:deps",
   [["deps",
     [["OpenDPTranslation/OpenDPTranslation:extraDep",
       [["@OpenDPTranslation:extraDep", "00000000000006bb"]]],
      ["imports",
       [["OpenDPTranslation.OpenDPCore transitive imports (legacy)",
         "ade5af2d77a2f8c7"],
        ["OpenDPTranslation.OpenDPCore:importAllArts", "4a51cb15889ecaa8"]]]]],
    ["libs",
     [["import dynlibs", "00000000000006bb"],
      ["package external libraries", "00000000000006bb"],
      ["module dynlibs", "00000000000006bb"],
      ["module plugins", "00000000000006bb"]]]]],
  ["Lean 4.29.0, commit 985f350dcd18fc7814dfa677cac09933f44f3215",
   "25953b0996e8f9b7"],
  ["/Users/amyfeng/Documents/coursework/thesis/OpenDPTranslation/MakeRowByRowFallible.lean",
   "b0cc327039c6fa71"],
  ["options", "00000000000006bb"],
  ["isModule: false", "feefd2a0d3a1847e"],
  ["Module.name: OpenDPTranslation.MakeRowByRowFallible", "a1668cc8362abea8"],
  ["Package.id?: (some OpenDPTranslation)", "0b6d932dbc601f93"],
  ["Module.leanArgs: #[]", "00000000000006bb"]],
 "depHash": "233f07d91a334102"}