{"synthetic": false,
 "schemaVersion": "2025-09-10",
 "outputs":
 {"o": ["539621c76f8979a5.olean"],
  "i": "ce4cd59d57e30ba4.ilean",
  "c": "aea9848b65c45c04.c"},
 "log":
 [{"message":
   ".> LEAN_PATH=/Users/amyfeng/Documents/coursework/thesis/.lake/packages/Cli/.lake/build/lib/lean:/Users/amyfeng/Documents/coursework/thesis/.lake/packages/batteries/.lake/build/lib/lean:/Users/amyfeng/Documents/coursework/thesis/.lake/packages/Qq/.lake/build/lib/lean:/Users/amyfeng/Documents/coursework/thesis/.lake/packages/aesop/.lake/build/lib/lean:/Users/amyfeng/Documents/coursework/thesis/.lake/packages/proofwidgets/.lake/build/lib/lean:/Users/amyfeng/Documents/coursework/thesis/.lake/packages/importGraph/.lake/build/lib/lean:/Users/amyfeng/Documents/coursework/thesis/.lake/packages/LeanSearchClient/.lake/build/lib/lean:/Users/amyfeng/Documents/coursework/thesis/.lake/packages/plausible/.lake/build/lib/lean:/Users/amyfeng/Documents/coursework/thesis/.lake/packages/mathlib/.lake/build/lib/lean:/Users/amyfeng/Documents/coursework/thesis/.lake/build/lib/lean /Users/amyfeng/.elan/toolchains/leanprover--lean4---v4.29.0-rc1/bin/lean /Users/amyfeng/Documents/coursework/thesis/OpenDPTranslation/OpenDPCore.lean -o /Users/amyfeng/Documents/coursework/thesis/.lake/build/lib/lean/OpenDPTranslation/OpenDPCore.olean -i /Users/amyfeng/Documents/coursework/thesis/.lake/build/lib/lean/OpenDPTranslation/OpenDPCore.ilean -c /Users/amyfeng/Documents/coursework/thesis/.lake/build/ir/OpenDPTranslation/OpenDPCore.c --setup /Users/amyfeng/Documents/coursework/thesis/.lake/build/ir/OpenDPTranslation/OpenDPCore.setup.json --json",
   "level": "trace"}],
 "inputs":
 [["OpenDPTranslation.OpenDPCore:deps",
   [["deps",
     [["OpenDPTranslation/OpenDPTranslation:extraDep",
       [["@OpenDPTranslation:extraDep", "00000000000006bb"]]],
      ["imports",
       [["Mathlib.Order.Basic transitive imports (legacy)", "9d92fbac76b7e131"],
        ["Mathlib.Order.Basic:importAllArts", "ba9e87a61147632c"],
        ["Mathlib.Tactic transitive imports (legacy)", "d281a7270b34fbc4"],
        ["Mathlib.Tactic:importAllArts", "cf259d9194210857"]]]]],
    ["libs",
     [["import dynlibs", "00000000000006bb"],
      ["package external libraries", "00000000000006bb"],
      ["module dynlibs", "00000000000006bb"],
      ["module plugins", "00000000000006bb"]]]]],
  ["Lean 4.29.0, commit 985f350dcd18fc7814dfa677cac09933f44f3215",
   "25953b0996e8f9b7"],
  ["/Users/amyfeng/Documents/coursework/thesis/OpenDPTranslation/OpenDPCore.lean",
   "053aa0e9e41fbea9"],
  ["options", "00000000000006bb"],
  ["isModule: false", "feefd2a0d3a1847e"],
  ["Module.name: OpenDPTranslation.OpenDPCore", "2ec5ac3e948b56f7"],
  ["Package.id?: (some OpenDPTranslation)", "0b6d932dbc601f93"],
  ["Module.leanArgs: #[]", "00000000000006bb"]],
 "depHash": "87e9c930981b6927"}