{"synthetic": false,
 "schemaVersion": "2025-09-10",
 "outputs":
 {"o": ["36b28e49cfeacdee.olean"],
  "i": "264ff9560cdf2792.ilean",
  "c": "d2f1d95dba7065a4.c"},
 "log":
 [{"message":
   ".> LEAN_PATH=/Users/amyfeng/Documents/coursework/thesis/.lake/packages/Cli/.lake/build/lib/lean:/Users/amyfeng/Documents/coursework/thesis/.lake/packages/batteries/.lake/build/lib/lean:/Users/amyfeng/Documents/coursework/thesis/.lake/packages/Qq/.lake/build/lib/lean:/Users/amyfeng/Documents/coursework/thesis/.lake/packages/aesop/.lake/build/lib/lean:/Users/amyfeng/Documents/coursework/thesis/.lake/packages/proofwidgets/.lake/build/lib/lean:/Users/amyfeng/Documents/coursework/thesis/.lake/packages/importGraph/.lake/build/lib/lean:/Users/amyfeng/Documents/coursework/thesis/.lake/packages/LeanSearchClient/.lake/build/lib/lean:/Users/amyfeng/Documents/coursework/thesis/.lake/packages/plausible/.lake/build/lib/lean:/Users/amyfeng/Documents/coursework/thesis/.lake/packages/mathlib/.lake/build/lib/lean:/Users/amyfeng/Documents/coursework/thesis/.lake/build/lib/lean /Users/amyfeng/.elan/toolchains/leanprover--lean4---v4.29.0-rc1/bin/lean /Users/amyfeng/Documents/coursework/thesis/OpenDPTranslation/RowByRow.lean -o /Users/amyfeng/Documents/coursework/thesis/.lake/build/lib/lean/OpenDPTranslation/RowByRow.olean -i /Users/amyfeng/Documents/coursework/thesis/.lake/build/lib/lean/OpenDPTranslation/RowByRow.ilean -c /Users/amyfeng/Documents/coursework/thesis/.lake/build/ir/OpenDPTranslation/RowByRow.c --setup /Users/amyfeng/Documents/coursework/thesis/.lake/build/ir/OpenDPTranslation/RowByRow.setup.json --json",
   "level": "trace"}],
 "inputs":
 [["OpenDPTranslation.RowByRow:deps",
   [["deps",
     [["OpenDPTranslation/OpenDPTranslation:extraDep",
       [["@OpenDPTranslation:extraDep", "00000000000006bb"]]],
      ["imports",
       [["OpenDPTranslation.TypeClasses transitive imports (legacy)",
         "00000000000006bb"],
        ["OpenDPTranslation.TypeClasses:importAllArts", "9e9560dcde6af638"],
        ["OpenDPTranslation.Domains transitive imports (legacy)",
         "00000000000006bb"],
        ["OpenDPTranslation.Domains:importAllArts", "feb9f028c8d7a62b"],
        ["OpenDPTranslation.Transformations transitive imports (legacy)",
         "6910c57353705cf1"],
        ["OpenDPTranslation.Transformations:importAllArts", "42dbb6488192a004"],
        ["OpenDPTranslation.Axioms transitive imports (legacy)",
         "b46a8cc66307ef0c"],
        ["OpenDPTranslation.Axioms:importAllArts", "4351fe8bf51c314a"],
        ["OpenDPTranslation.RowByRowFallible transitive imports (legacy)",
         "24f1bd9327f386f6"],
        ["OpenDPTranslation.RowByRowFallible:importAllArts",
         "173ca8c65d22608b"]]]]],
    ["libs",
     [["import dynlibs", "00000000000006bb"],
      ["package external libraries", "00000000000006bb"],
      ["module dynlibs", "00000000000006bb"],
      ["module plugins", "00000000000006bb"]]]]],
  ["Lean 4.29.0, commit 985f350dcd18fc7814dfa677cac09933f44f3215",
   "25953b0996e8f9b7"],
  ["/Users/amyfeng/Documents/coursework/thesis/OpenDPTranslation/RowByRow.lean",
   "60cfc36daa0a6051"],
  ["options", "00000000000006bb"],
  ["isModule: false", "feefd2a0d3a1847e"],
  ["Module.name: OpenDPTranslation.RowByRow", "084741d45280d8c0"],
  ["Package.id?: (some OpenDPTranslation)", "0b6d932dbc601f93"],
  ["Module.leanArgs: #[]", "00000000000006bb"]],
 "depHash": "bff1b7063bd3725e"}