{"synthetic": false,
 "schemaVersion": "2025-09-10",
 "outputs":
 {"o": ["196be19b0522d805.olean"],
  "i": "c7a9d0e3c3d6c080.ilean",
  "c": "b4379b8c8b14919c.c"},
 "log":
 [{"message":
   ".> LEAN_PATH=/Users/amyfeng/Documents/coursework/thesis/.lake/build/lib/lean /Users/amyfeng/.elan/toolchains/leanprover--lean4---v4.27.0/bin/lean /Users/amyfeng/Documents/coursework/thesis/OpenDPTranslation/RowByRowFallible.lean -o /Users/amyfeng/Documents/coursework/thesis/.lake/build/lib/lean/OpenDPTranslation/RowByRowFallible.olean -i /Users/amyfeng/Documents/coursework/thesis/.lake/build/lib/lean/OpenDPTranslation/RowByRowFallible.ilean -c /Users/amyfeng/Documents/coursework/thesis/.lake/build/ir/OpenDPTranslation/RowByRowFallible.c --setup /Users/amyfeng/Documents/coursework/thesis/.lake/build/ir/OpenDPTranslation/RowByRowFallible.setup.json --json",
   "level": "trace"},
  {"message":
   "OpenDPTranslation/RowByRowFallible.lean:9:5: unused variable `input_metric`\n\nNote: This linter can be disabled with `set_option linter.unusedVariables false`",
   "level": "warning"},
  {"message":
   "OpenDPTranslation/RowByRowFallible.lean:12:5: unused variable `h_preserves`\n\nNote: This linter can be disabled with `set_option linter.unusedVariables false`",
   "level": "warning"}],
 "inputs":
 [["OpenDPTranslation.RowByRowFallible:deps",
   [["deps",
     [["OpenDPTranslation/OpenDPTranslation:extraDep",
       [["@OpenDPTranslation:extraDep", "00000000000006bb"]]],
      ["imports",
       [["OpenDPTranslation.TypeClasses transitive imports (legacy)",
         "00000000000006bb"],
        ["OpenDPTranslation.TypeClasses:importAllArts", "7ecf7f2eb5e70dcd"],
        ["OpenDPTranslation.Domains transitive imports (legacy)",
         "00000000000006bb"],
        ["OpenDPTranslation.Domains:importAllArts", "bb387a0c7f2d94a4"],
        ["OpenDPTranslation.Transformations transitive imports (legacy)",
         "706734157edae56e"],
        ["OpenDPTranslation.Transformations:importAllArts", "e23c936cff113296"],
        ["OpenDPTranslation.Axioms transitive imports (legacy)",
         "dca8340f275829ad"],
        ["OpenDPTranslation.Axioms:importAllArts", "0de97214dccbd56f"]]]]],
    ["libs",
     [["import dynlibs", "00000000000006bb"],
      ["package external libraries", "00000000000006bb"],
      ["module dynlibs", "00000000000006bb"],
      ["module plugins", "00000000000006bb"]]]]],
  ["Lean 4.27.0, commit db93fe1608548721853390a10cd40580fe7d22ae",
   "9a2be90fd35343e5"],
  ["/Users/amyfeng/Documents/coursework/thesis/OpenDPTranslation/RowByRowFallible.lean",
   "bee879f71e03d75a"],
  ["options", "00000000000006bb"],
  ["Module.leanArgs: #[]", "00000000000006bb"]],
 "depHash": "7484facbd371428f"}