{"synthetic": false,
 "schemaVersion": "2025-09-10",
 "outputs":
 {"o": ["3db3a6c58f7d6d8e.olean"],
  "i": "d3376a5b57e977fc.ilean",
  "c": "dda416ec601382c6.c"},
 "log":
 [{"message":
   ".> LEAN_PATH=/Users/amyfeng/Documents/coursework/thesis/.lake/build/lib/lean /Users/amyfeng/.elan/toolchains/leanprover--lean4---v4.27.0/bin/lean /Users/amyfeng/Documents/coursework/thesis/OpenDPTranslation/Transformations.lean -o /Users/amyfeng/Documents/coursework/thesis/.lake/build/lib/lean/OpenDPTranslation/Transformations.olean -i /Users/amyfeng/Documents/coursework/thesis/.lake/build/lib/lean/OpenDPTranslation/Transformations.ilean -c /Users/amyfeng/Documents/coursework/thesis/.lake/build/ir/OpenDPTranslation/Transformations.c --setup /Users/amyfeng/Documents/coursework/thesis/.lake/build/ir/OpenDPTranslation/Transformations.setup.json --json",
   "level": "trace"}],
 "inputs":
 [["OpenDPTranslation.Transformations:deps",
   [["deps",
     [["OpenDPTranslation/OpenDPTranslation:extraDep",
       [["@OpenDPTranslation:extraDep", "00000000000006bb"]]],
      ["imports",
       [["OpenDPTranslation.Domains transitive imports (legacy)",
         "00000000000006bb"],
        ["OpenDPTranslation.Domains:importAllArts", "bb387a0c7f2d94a4"]]]]],
    ["libs",
     [["import dynlibs", "00000000000006bb"],
      ["package external libraries", "00000000000006bb"],
      ["module dynlibs", "00000000000006bb"],
      ["module plugins", "00000000000006bb"]]]]],
  ["Lean 4.27.0, commit db93fe1608548721853390a10cd40580fe7d22ae",
   "9a2be90fd35343e5"],
  ["/Users/amyfeng/Documents/coursework/thesis/OpenDPTranslation/Transformations.lean",
   "c7b9232ae996b387"],
  ["options", "00000000000006bb"],
  ["Module.leanArgs: #[]", "00000000000006bb"]],
 "depHash": "3c0d3070b6bec1ae"}